#-----------------------------------------------------------
# Vivado v2018.3 (64-bit)
# SW Build 2405991 on Thu Dec  6 23:38:27 MST 2018
# IP Build 2404404 on Fri Dec  7 01:43:56 MST 2018
# Start of session at: Fri Jul 31 13:26:44 2020
# Process ID: 4696
# Current directory: F:/FPGA/summerschool/Camera_Demo/Camera_Demo
# Command line: vivado.exe -gui_launcher_event rodinguilauncherevent14420 F:\FPGA\summerschool\Camera_Demo\Camera_Demo\Camera_Demo.xpr
# Log file: F:/FPGA/summerschool/Camera_Demo/Camera_Demo/vivado.log
# Journal file: F:/FPGA/summerschool/Camera_Demo/Camera_Demo\vivado.jou
#-----------------------------------------------------------
start_gui
open_project F:/FPGA/summerschool/Camera_Demo/Camera_Demo/Camera_Demo.xpr
Scanning sources...
Finished scanning sources
INFO: [IP_Flow 19-234] Refreshing IP repositories
INFO: [IP_Flow 19-1700] Loaded user IP repository 'f:/FPGA/summerschool/Camera_Demo/Camera_Demo/IP_Core'.
INFO: [IP_Flow 19-2313] Loaded Vivado IP repository 'F:/xilinx/Vivado/2018.3/data/ip'.
open_project: Time (s): cpu = 00:00:43 ; elapsed = 00:00:55 . Memory (MB): peak = 700.070 ; gain = 107.289
update_compile_order -fileset sources_1
exit
INFO: [Common 17-206] Exiting Vivado at Fri Jul 31 19:12:20 2020...
